[debug] [2022-02-03T18:13:44.702Z] ----------------------------------------------------------------------
[debug] [2022-02-03T18:13:44.704Z] Command:       C:\Program Files\nodejs\node.exe C:\Program Files\nodejs\node_modules\firebase-tools\lib\bin\firebase.js emulators:start
[debug] [2022-02-03T18:13:44.704Z] CLI Version:   10.1.4
[debug] [2022-02-03T18:13:44.705Z] Platform:      win32
[debug] [2022-02-03T18:13:44.705Z] Node Version:  v14.0.0
[debug] [2022-02-03T18:13:44.706Z] Time:          Thu Feb 03 2022 19:13:44 GMT+0100 (Central European Standard Time)
[debug] [2022-02-03T18:13:44.706Z] ----------------------------------------------------------------------
[debug] 
[debug] [2022-02-03T18:13:44.778Z] > command requires scopes: ["email","openid","https://www.googleapis.com/auth/cloudplatformprojects.readonly","https://www.googleapis.com/auth/firebase","https://www.googleapis.com/auth/cloud-platform"]
[debug] [2022-02-03T18:13:44.778Z] > authorizing via signed-in user (borasmarko07@gmail.com)
[info] i  emulators: Starting emulators: auth, functions, firestore {"metadata":{"emulator":{"name":"hub"},"message":"Starting emulators: auth, functions, firestore"}}
[debug] [2022-02-03T18:13:46.835Z] [hub] writing locator at C:\Users\User\AppData\Local\Temp\hub-mboras-cloud-messaging.json
[warn] !  functions: The following emulators are not running, calls to these services from the Functions emulator will affect production: database, hosting, pubsub, storage {"metadata":{"emulator":{"name":"functions"},"message":"The following emulators are not running, calls to these services from the Functions emulator will affect production: \u001b[1mdatabase, hosting, pubsub, storage\u001b[22m"}}
[warn] !  Your requested "node" version "16" doesn't match your global version "14". Using node@14 from host. {"metadata":{"emulator":{"name":"functions"},"message":"Your requested \"node\" version \"16\" doesn't match your global version \"14\". Using node@14 from host."}}
[debug] [2022-02-03T18:13:48.895Z] defaultcredentials: writing to file C:\Users\User\AppData\Roaming\firebase\borasmarko07_gmail_com_application_default_credentials.json
[debug] [2022-02-03T18:13:48.897Z] Setting GAC to C:\Users\User\AppData\Roaming\firebase\borasmarko07_gmail_com_application_default_credentials.json {"metadata":{"emulator":{"name":"functions"},"message":"Setting GAC to C:\\Users\\User\\AppData\\Roaming\\firebase\\borasmarko07_gmail_com_application_default_credentials.json"}}
[debug] [2022-02-03T18:13:48.899Z] >>> [apiv2][query] GET https://firebase.googleapis.com/v1beta1/projects/mboras-cloud-messaging/adminSdkConfig [none]
[debug] [2022-02-03T18:13:49.179Z] <<< [apiv2][status] GET https://firebase.googleapis.com/v1beta1/projects/mboras-cloud-messaging/adminSdkConfig 200
[debug] [2022-02-03T18:13:49.179Z] <<< [apiv2][body] GET https://firebase.googleapis.com/v1beta1/projects/mboras-cloud-messaging/adminSdkConfig {"projectId":"mboras-cloud-messaging","storageBucket":"mboras-cloud-messaging.appspot.com","locationId":"europe-west"}
[warn] !  firestore: Did not find a Cloud Firestore rules file specified in a firebase.json config file. {"metadata":{"emulator":{"name":"firestore"},"message":"Did not find a Cloud Firestore rules file specified in a firebase.json config file."}}
[warn] !  firestore: The emulator will default to allowing all reads and writes. Learn more about this option: https://firebase.google.com/docs/emulator-suite/install_and_configure#security_rules_configuration. {"metadata":{"emulator":{"name":"firestore"},"message":"The emulator will default to allowing all reads and writes. Learn more about this option: https://firebase.google.com/docs/emulator-suite/install_and_configure#security_rules_configuration."}}
[debug] [2022-02-03T18:13:51.229Z] Ignoring unsupported arg: projectId {"metadata":{"emulator":{"name":"firestore"},"message":"Ignoring unsupported arg: projectId"}}
[debug] [2022-02-03T18:13:51.230Z] Ignoring unsupported arg: auto_download {"metadata":{"emulator":{"name":"firestore"},"message":"Ignoring unsupported arg: auto_download"}}
[debug] [2022-02-03T18:13:51.230Z] Starting Firestore Emulator with command {"binary":"java","args":["-Dgoogle.cloud_firestore.debug_log_level=FINE","-Duser.language=en","-jar","C:\\Users\\User\\.cache\\firebase\\emulators\\cloud-firestore-emulator-v1.13.1.jar","--host","localhost","--port",8080,"--functions_emulator","localhost:5001"],"optionalArgs":["port","webchannel_port","host","rules","functions_emulator","seed_from_export"],"joinArgs":false} {"metadata":{"emulator":{"name":"firestore"},"message":"Starting Firestore Emulator with command {\"binary\":\"java\",\"args\":[\"-Dgoogle.cloud_firestore.debug_log_level=FINE\",\"-Duser.language=en\",\"-jar\",\"C:\\\\Users\\\\User\\\\.cache\\\\firebase\\\\emulators\\\\cloud-firestore-emulator-v1.13.1.jar\",\"--host\",\"localhost\",\"--port\",8080,\"--functions_emulator\",\"localhost:5001\"],\"optionalArgs\":[\"port\",\"webchannel_port\",\"host\",\"rules\",\"functions_emulator\",\"seed_from_export\"],\"joinArgs\":false}"}}
[info] i  firestore: Firestore Emulator logging to firestore-debug.log {"metadata":{"emulator":{"name":"firestore"},"message":"Firestore Emulator logging to \u001b[1mfirestore-debug.log\u001b[22m"}}
[debug] [2022-02-03T18:13:52.830Z] Feb 03, 2022 7:13:52 PM com.google.cloud.datastore.emulator.firestore.websocket.WebSocketServer start
INFO: Started WebSocket server on ws://localhost:58314
 {"metadata":{"emulator":{"name":"firestore"},"message":"Feb 03, 2022 7:13:52 PM com.google.cloud.datastore.emulator.firestore.websocket.WebSocketServer start\r\nINFO: Started WebSocket server on ws://localhost:58314\r\n"}}
[debug] [2022-02-03T18:13:52.865Z] API endpoint: http://localhost {"metadata":{"emulator":{"name":"firestore"},"message":"API endpoint: http://localhost"}}
[debug] [2022-02-03T18:13:52.865Z] :8080
If you are using a library that supports the FIRESTORE_EMULATOR_HOST environment variable, run:

   export FIRESTORE_EMULATOR_HOST=localhost:8080

Dev App Server is now running.

 {"metadata":{"emulator":{"name":"firestore"},"message":":8080\nIf you are using a library that supports the FIRESTORE_EMULATOR_HOST environment variable, run:\r\n\n   export FIRESTORE_EMULATOR_HOST=localhost:8080\n\nDev App Server is now running.\n\r\n"}}
[debug] [2022-02-03T18:13:52.945Z] Feb 03, 2022 7:13:52 PM io.gapi.emulators.netty.HttpVersionRoutingHandler channelRead
INFO: Detected non-HTTP/2 connection.
 {"metadata":{"emulator":{"name":"firestore"},"message":"Feb 03, 2022 7:13:52 PM io.gapi.emulators.netty.HttpVersionRoutingHandler channelRead\r\nINFO: Detected non-HTTP/2 connection.\r\n"}}
[debug] [2022-02-03T18:13:53.797Z] Feb 03, 2022 7:13:53 PM io.gapi.emulators.netty.HttpVersionRoutingHandler channelRead
INFO: Detected non-HTTP/2 connection.
 {"metadata":{"emulator":{"name":"firestore"},"message":"Feb 03, 2022 7:13:53 PM io.gapi.emulators.netty.HttpVersionRoutingHandler channelRead\r\nINFO: Detected non-HTTP/2 connection.\r\n"}}
[debug] [2022-02-03T18:14:06.180Z] Ignoring unsupported arg: auto_download {"metadata":{"emulator":{"name":"ui"},"message":"Ignoring unsupported arg: auto_download"}}
[debug] [2022-02-03T18:14:06.181Z] Ignoring unsupported arg: port {"metadata":{"emulator":{"name":"ui"},"message":"Ignoring unsupported arg: port"}}
[debug] [2022-02-03T18:14:06.181Z] Starting Emulator UI with command {"binary":"node","args":["C:\\Users\\User\\.cache\\firebase\\emulators\\ui-v1.6.4\\server.bundle.js"],"optionalArgs":[],"joinArgs":false} {"metadata":{"emulator":{"name":"ui"},"message":"Starting Emulator UI with command {\"binary\":\"node\",\"args\":[\"C:\\\\Users\\\\User\\\\.cache\\\\firebase\\\\emulators\\\\ui-v1.6.4\\\\server.bundle.js\"],\"optionalArgs\":[],\"joinArgs\":false}"}}
[info] i  ui: Emulator UI logging to ui-debug.log {"metadata":{"emulator":{"name":"ui"},"message":"Emulator UI logging to \u001b[1mui-debug.log\u001b[22m"}}
[debug] [2022-02-03T18:14:06.444Z] Web / API server started at localhost:4000
 {"metadata":{"emulator":{"name":"ui"},"message":"Web / API server started at localhost:4000\n"}}
[debug] [2022-02-03T18:14:06.716Z] Feb 03, 2022 7:14:06 PM io.gapi.emulators.netty.HttpVersionRoutingHandler channelRead
INFO: Detected non-HTTP/2 connection.
 {"metadata":{"emulator":{"name":"firestore"},"message":"Feb 03, 2022 7:14:06 PM io.gapi.emulators.netty.HttpVersionRoutingHandler channelRead\r\nINFO: Detected non-HTTP/2 connection.\r\n"}}
[debug] [2022-02-03T18:14:06.731Z] Feb 03, 2022 7:14:06 PM io.gapi.emulators.netty.HttpVersionRoutingHandler channelRead
INFO: Detected non-HTTP/2 connection.
 {"metadata":{"emulator":{"name":"firestore"},"message":"Feb 03, 2022 7:14:06 PM io.gapi.emulators.netty.HttpVersionRoutingHandler channelRead\r\nINFO: Detected non-HTTP/2 connection.\r\n"}}
[info] i  functions: Watching "C:\Users\User\Desktop\CloudFunctionsChatApp\chat-app\functions" for Cloud Functions... {"metadata":{"emulator":{"name":"functions"},"message":"Watching \"C:\\Users\\User\\Desktop\\CloudFunctionsChatApp\\chat-app\\functions\" for Cloud Functions..."}}
[debug] [2022-02-03T18:14:07.024Z] [worker-pool] addWorker(~diagnostic~) {"metadata":{"emulator":{"name":"functions"},"message":"[worker-pool] addWorker(~diagnostic~)"}}
[debug] [2022-02-03T18:14:07.025Z] [worker-pool] Adding worker with key ~diagnostic~, total=1 {"metadata":{"emulator":{"name":"functions"},"message":"[worker-pool] Adding worker with key ~diagnostic~, total=1"}}
[debug] [2022-02-03T18:14:07.025Z] [worker-pool] submitWork(triggerId=) {"metadata":{"emulator":{"name":"functions"},"message":"[worker-pool] submitWork(triggerId=)"}}
[debug] [2022-02-03T18:14:07.025Z] [worker-~diagnostic~-a40476db-d866-4f8f-a2ce-ecf5eda119ca]: Assigning socketPath: \\?\pipe\C:\Users\User\Desktop\CloudFunctionsChatApp\chat-app\functions\10832 {"metadata":{"emulator":{"name":"functions"},"message":"[worker-~diagnostic~-a40476db-d866-4f8f-a2ce-ecf5eda119ca]: Assigning socketPath: \\\\?\\pipe\\C:\\Users\\User\\Desktop\\CloudFunctionsChatApp\\chat-app\\functions\\10832"}}
[debug] [2022-02-03T18:14:07.026Z] [worker-~diagnostic~-a40476db-d866-4f8f-a2ce-ecf5eda119ca]: BUSY {"metadata":{"emulator":{"name":"functions"},"message":"[worker-~diagnostic~-a40476db-d866-4f8f-a2ce-ecf5eda119ca]: BUSY"}}
